Using pre-set license
Built from '2020.2/staging' branch; Version is '2020.2.3f1 (8ff31bc5bf5b) revision 9433883'; Using compiler version '192528614'; Build Type 'Release'
OS: 'Windows 10 Education; OS build 18363.1379; Version 1909; 64bit' Language: 'ko' Physical Memory: 16226 MB
BatchMode: 1, IsHumanControllingUs: 0, StartBugReporterOnCrash: 0, Is64bit: 1, IsPro: 0

 COMMAND LINE ARGUMENTS:
E:\Apps\Unity\Unity Project\2020.2.3f1\Editor\Unity.exe
-adb2
-batchMode
-noUpm
-name
AssetImportWorker0
-projectPath
E:/Apps/Unity/Unity WorkSpace/ZombieAI
-logFile
Logs/AssetImportWorker0.log
-srvPort
11065
Successfully changed project path to: E:/Apps/Unity/Unity WorkSpace/ZombieAI
E:/Apps/Unity/Unity WorkSpace/ZombieAI
Using Asset Import Pipeline V2.
Refreshing native plugins compatible for Editor in 25.03 ms, found 0 plugins.
Preloading 0 native plugins for Editor in 0.00 ms.
Initialize engine version: 2020.2.3f1 (8ff31bc5bf5b)
[Subsystems] Discovering subsystems at path E:/Apps/Unity/Unity Project/2020.2.3f1/Editor/Data/Resources/UnitySubsystems
[Subsystems] Discovering subsystems at path E:/Apps/Unity/Unity WorkSpace/ZombieAI/Assets
GfxDevice: creating device client; threaded=0
Direct3D:
    Version:  Direct3D 11.0 [level 11.1]
    Renderer: NVIDIA GeForce GTX 1650 (ID=0x1f91)
    Vendor:   
    VRAM:     3962 MB
    Driver:   27.21.14.6140
Initialize mono
Mono path[0] = 'E:/Apps/Unity/Unity Project/2020.2.3f1/Editor/Data/Managed'
Mono path[1] = 'E:/Apps/Unity/Unity Project/2020.2.3f1/Editor/Data/MonoBleedingEdge/lib/mono/unityjit'
Mono config path = 'E:/Apps/Unity/Unity Project/2020.2.3f1/Editor/Data/MonoBleedingEdge/etc'
Using monoOptions --debugger-agent=transport=dt_socket,embedding=1,server=y,suspend=n,address=127.0.0.1:56300
Begin MonoManager ReloadAssembly
Registering precompiled unity dll's ...
Register platform support module: E:/Apps/Unity/Unity Project/2020.2.3f1/Editor/Data/PlaybackEngines/WindowsStandaloneSupport/UnityEditor.WindowsStandalone.Extensions.dll
Registered in 0.001212 seconds.
Native extension for WindowsStandalone target not found
Refreshing native plugins compatible for Editor in 34.08 ms, found 0 plugins.
Preloading 0 native plugins for Editor in 0.00 ms.
Invoked RoslynAnalysisRunner static constructor.
RoslynAnalysisRunner will not be running.
RoslynAnalysisRunner has terminated.
Mono: successfully reloaded assembly
- Completed reload, in  2.123 seconds
Platform modules already initialized, skipping
Registering precompiled user dll's ...
Registered in 0.000710 seconds.
Begin MonoManager ReloadAssembly
Native extension for WindowsStandalone target not found
Refreshing native plugins compatible for Editor in 0.22 ms, found 0 plugins.
Preloading 0 native plugins for Editor in 0.00 ms.
Invoked RoslynAnalysisRunner static constructor.
RoslynAnalysisRunner will not be running.
RoslynAnalysisRunner has terminated.
Mono: successfully reloaded assembly
- Completed reload, in  1.292 seconds
Platform modules already initialized, skipping
========================================================================
Worker process is ready to serve import requests
Launched and connected shader compiler UnityShaderCompiler.exe after 0.07 seconds
Refreshing native plugins compatible for Editor in 0.24 ms, found 0 plugins.
Preloading 0 native plugins for Editor in 0.00 ms.
Unloading 1083 Unused Serialized files (Serialized files now loaded: 0)
System memory in use before: 58.8 MB.
System memory in use after: 58.8 MB.

Unloading 9 unused Assets to reduce memory usage. Loaded Objects now: 1525.
Total: 3.298500 ms (FindLiveObjects: 0.214400 ms CreateObjectMapping: 0.095800 ms MarkObjects: 2.839200 ms  DeleteObjects: 0.146700 ms)

========================================================================
Received Import Request.
  path: Assets/Scripts/ZombieController.cs
  artifactKey: Guid(b521ff4ca2f266f4da5e470c116d1ef4) Importer(815301076,1909f56bfc062723c751e8b465ee728b)
Start importing Assets/Scripts/ZombieController.cs using Guid(b521ff4ca2f266f4da5e470c116d1ef4) Importer(815301076,1909f56bfc062723c751e8b465ee728b)  -> (artifact id: 'e567b6fa63bb1a9c964b8f47299cad2a') in 0.055746 seconds
  Import took 0.059139 seconds .

========================================================================
Received Import Request.
  Time since last request: 109.874083 seconds.
  path: Assets/Scripts/ZombieController.cs
  artifactKey: Guid(b521ff4ca2f266f4da5e470c116d1ef4) Importer(815301076,1909f56bfc062723c751e8b465ee728b)
Start importing Assets/Scripts/ZombieController.cs using Guid(b521ff4ca2f266f4da5e470c116d1ef4) Importer(815301076,1909f56bfc062723c751e8b465ee728b)  -> (artifact id: '0076c08058206691287d7ec116a6da56') in 0.002252 seconds
  Import took 0.004873 seconds .

========================================================================
Received Import Request.
  Time since last request: 81.898164 seconds.
  path: Assets/Scripts/ZombieController.cs
  artifactKey: Guid(b521ff4ca2f266f4da5e470c116d1ef4) Importer(815301076,1909f56bfc062723c751e8b465ee728b)
Start importing Assets/Scripts/ZombieController.cs using Guid(b521ff4ca2f266f4da5e470c116d1ef4) Importer(815301076,1909f56bfc062723c751e8b465ee728b)  -> (artifact id: '5cb805e61a9404f163daed0e7429578e') in 0.003740 seconds
  Import took 0.006562 seconds .

========================================================================
Received Import Request.
  Time since last request: 32.963499 seconds.
  path: Assets/Scripts/ZombieController.cs
  artifactKey: Guid(b521ff4ca2f266f4da5e470c116d1ef4) Importer(815301076,1909f56bfc062723c751e8b465ee728b)
Start importing Assets/Scripts/ZombieController.cs using Guid(b521ff4ca2f266f4da5e470c116d1ef4) Importer(815301076,1909f56bfc062723c751e8b465ee728b)  -> (artifact id: 'ee053ae080871d48597174ee12ef0def') in 0.004305 seconds
  Import took 0.007404 seconds .

========================================================================
Received Import Request.
  Time since last request: 50.439261 seconds.
  path: Assets/Scripts/ZombieController.cs
  artifactKey: Guid(b521ff4ca2f266f4da5e470c116d1ef4) Importer(815301076,1909f56bfc062723c751e8b465ee728b)
Start importing Assets/Scripts/ZombieController.cs using Guid(b521ff4ca2f266f4da5e470c116d1ef4) Importer(815301076,1909f56bfc062723c751e8b465ee728b)  -> (artifact id: '8ff407b9ad0662662c0336452e76cce4') in 0.002920 seconds
  Import took 0.006031 seconds .

========================================================================
Received Import Request.
  Time since last request: 40.795910 seconds.
  path: Assets/Scripts/ZombieController.cs
  artifactKey: Guid(b521ff4ca2f266f4da5e470c116d1ef4) Importer(815301076,1909f56bfc062723c751e8b465ee728b)
Start importing Assets/Scripts/ZombieController.cs using Guid(b521ff4ca2f266f4da5e470c116d1ef4) Importer(815301076,1909f56bfc062723c751e8b465ee728b)  -> (artifact id: '881917d16bbff06415d8ed4c7115e5d3') in 0.002963 seconds
  Import took 0.005342 seconds .

========================================================================
Received Import Request.
  Time since last request: 10.569923 seconds.
  path: Assets/Scripts/ZombieController.cs
  artifactKey: Guid(b521ff4ca2f266f4da5e470c116d1ef4) Importer(815301076,1909f56bfc062723c751e8b465ee728b)
Start importing Assets/Scripts/ZombieController.cs using Guid(b521ff4ca2f266f4da5e470c116d1ef4) Importer(815301076,1909f56bfc062723c751e8b465ee728b)  -> (artifact id: '746caf8abcaa11f41c920042dd84e228') in 0.002114 seconds
  Import took 0.004224 seconds .

========================================================================
Received Prepare
Registering precompiled user dll's ...
Registered in 0.000878 seconds.
Begin MonoManager ReloadAssembly
Native extension for WindowsStandalone target not found
Refreshing native plugins compatible for Editor in 0.22 ms, found 0 plugins.
Preloading 0 native plugins for Editor in 0.00 ms.
Invoked RoslynAnalysisRunner static constructor.
RoslynAnalysisRunner will not be running.
RoslynAnalysisRunner has terminated.
Mono: successfully reloaded assembly
- Completed reload, in  1.032 seconds
Platform modules already initialized, skipping
Refreshing native plugins compatible for Editor in 0.20 ms, found 0 plugins.
Preloading 0 native plugins for Editor in 0.00 ms.
Unloading 1077 Unused Serialized files (Serialized files now loaded: 0)
System memory in use before: 58.6 MB.
System memory in use after: 58.7 MB.

Unloading 4 unused Assets to reduce memory usage. Loaded Objects now: 1527.
Total: 1.652500 ms (FindLiveObjects: 0.180200 ms CreateObjectMapping: 0.034900 ms MarkObjects: 1.420900 ms  DeleteObjects: 0.015100 ms)

========================================================================
Received Prepare
Registering precompiled user dll's ...
Registered in 0.000887 seconds.
Begin MonoManager ReloadAssembly
Native extension for WindowsStandalone target not found
Refreshing native plugins compatible for Editor in 0.27 ms, found 0 plugins.
Preloading 0 native plugins for Editor in 0.00 ms.
Invoked RoslynAnalysisRunner static constructor.
RoslynAnalysisRunner will not be running.
RoslynAnalysisRunner has terminated.
Mono: successfully reloaded assembly
- Completed reload, in  1.209 seconds
Platform modules already initialized, skipping
Refreshing native plugins compatible for Editor in 0.23 ms, found 0 plugins.
Preloading 0 native plugins for Editor in 0.00 ms.
Unloading 1077 Unused Serialized files (Serialized files now loaded: 0)
System memory in use before: 58.7 MB.
System memory in use after: 58.8 MB.

Unloading 4 unused Assets to reduce memory usage. Loaded Objects now: 1529.
Total: 2.510400 ms (FindLiveObjects: 0.140100 ms CreateObjectMapping: 0.036500 ms MarkObjects: 2.308900 ms  DeleteObjects: 0.023400 ms)

========================================================================
Received Prepare
Registering precompiled user dll's ...
Registered in 0.000993 seconds.
Begin MonoManager ReloadAssembly
Native extension for WindowsStandalone target not found
Refreshing native plugins compatible for Editor in 0.26 ms, found 0 plugins.
Preloading 0 native plugins for Editor in 0.00 ms.
Invoked RoslynAnalysisRunner static constructor.
RoslynAnalysisRunner will not be running.
RoslynAnalysisRunner has terminated.
Mono: successfully reloaded assembly
- Completed reload, in  1.105 seconds
Platform modules already initialized, skipping
Refreshing native plugins compatible for Editor in 0.22 ms, found 0 plugins.
Preloading 0 native plugins for Editor in 0.00 ms.
Unloading 1077 Unused Serialized files (Serialized files now loaded: 0)
System memory in use before: 58.7 MB.
System memory in use after: 58.8 MB.

Unloading 4 unused Assets to reduce memory usage. Loaded Objects now: 1531.
Total: 1.737100 ms (FindLiveObjects: 0.184800 ms CreateObjectMapping: 0.058000 ms MarkObjects: 1.477100 ms  DeleteObjects: 0.015300 ms)

========================================================================
Received Prepare
Registering precompiled user dll's ...
Registered in 0.000902 seconds.
Begin MonoManager ReloadAssembly
Native extension for WindowsStandalone target not found
Refreshing native plugins compatible for Editor in 0.44 ms, found 0 plugins.
Preloading 0 native plugins for Editor in 0.00 ms.
Invoked RoslynAnalysisRunner static constructor.
RoslynAnalysisRunner will not be running.
RoslynAnalysisRunner has terminated.
Mono: successfully reloaded assembly
- Completed reload, in  1.365 seconds
Platform modules already initialized, skipping
Refreshing native plugins compatible for Editor in 0.43 ms, found 0 plugins.
Preloading 0 native plugins for Editor in 0.00 ms.
Unloading 1077 Unused Serialized files (Serialized files now loaded: 0)
System memory in use before: 58.7 MB.
System memory in use after: 58.8 MB.

Unloading 4 unused Assets to reduce memory usage. Loaded Objects now: 1533.
Total: 4.792000 ms (FindLiveObjects: 0.319100 ms CreateObjectMapping: 0.121600 ms MarkObjects: 4.328000 ms  DeleteObjects: 0.020500 ms)

========================================================================
Received Prepare
Registering precompiled user dll's ...
Registered in 0.001067 seconds.
Begin MonoManager ReloadAssembly
Native extension for WindowsStandalone target not found
Refreshing native plugins compatible for Editor in 0.23 ms, found 0 plugins.
Preloading 0 native plugins for Editor in 0.00 ms.
Invoked RoslynAnalysisRunner static constructor.
RoslynAnalysisRunner will not be running.
RoslynAnalysisRunner has terminated.
Mono: successfully reloaded assembly
- Completed reload, in  1.560 seconds
Platform modules already initialized, skipping
Refreshing native plugins compatible for Editor in 0.24 ms, found 0 plugins.
Preloading 0 native plugins for Editor in 0.00 ms.
Unloading 1077 Unused Serialized files (Serialized files now loaded: 0)
System memory in use before: 58.7 MB.
System memory in use after: 58.8 MB.

Unloading 4 unused Assets to reduce memory usage. Loaded Objects now: 1535.
Total: 4.648800 ms (FindLiveObjects: 0.254200 ms CreateObjectMapping: 0.134900 ms MarkObjects: 4.228600 ms  DeleteObjects: 0.029000 ms)

========================================================================
Received Prepare
Registering precompiled user dll's ...
Registered in 0.001870 seconds.
Begin MonoManager ReloadAssembly
Native extension for WindowsStandalone target not found
Refreshing native plugins compatible for Editor in 0.26 ms, found 0 plugins.
Preloading 0 native plugins for Editor in 0.00 ms.
Invoked RoslynAnalysisRunner static constructor.
RoslynAnalysisRunner will not be running.
RoslynAnalysisRunner has terminated.
Mono: successfully reloaded assembly
- Completed reload, in  1.139 seconds
Platform modules already initialized, skipping
Refreshing native plugins compatible for Editor in 0.50 ms, found 0 plugins.
Preloading 0 native plugins for Editor in 0.00 ms.
Unloading 1077 Unused Serialized files (Serialized files now loaded: 0)
System memory in use before: 58.7 MB.
System memory in use after: 58.8 MB.

Unloading 4 unused Assets to reduce memory usage. Loaded Objects now: 1537.
Total: 22.236800 ms (FindLiveObjects: 1.071800 ms CreateObjectMapping: 0.089500 ms MarkObjects: 21.030100 ms  DeleteObjects: 0.042900 ms)

========================================================================
Received Prepare
Registering precompiled user dll's ...
Registered in 0.001360 seconds.
Begin MonoManager ReloadAssembly
Native extension for WindowsStandalone target not found
Refreshing native plugins compatible for Editor in 0.34 ms, found 0 plugins.
Preloading 0 native plugins for Editor in 0.00 ms.
Invoked RoslynAnalysisRunner static constructor.
RoslynAnalysisRunner will not be running.
RoslynAnalysisRunner has terminated.
Mono: successfully reloaded assembly
- Completed reload, in  1.461 seconds
Platform modules already initialized, skipping
Refreshing native plugins compatible for Editor in 0.36 ms, found 0 plugins.
Preloading 0 native plugins for Editor in 0.00 ms.
Unloading 1077 Unused Serialized files (Serialized files now loaded: 0)
System memory in use before: 58.7 MB.
System memory in use after: 58.8 MB.

Unloading 4 unused Assets to reduce memory usage. Loaded Objects now: 1539.
Total: 2.662100 ms (FindLiveObjects: 0.218100 ms CreateObjectMapping: 0.103800 ms MarkObjects: 2.318100 ms  DeleteObjects: 0.018400 ms)

========================================================================
Received Import Request.
  Time since last request: 413.105136 seconds.
  path: Assets/Prefabs/Zombie.prefab
  artifactKey: Guid(162febebba594684cbef6191c61057d7) Importer(815301076,1909f56bfc062723c751e8b465ee728b)
Start importing Assets/Prefabs/Zombie.prefab using Guid(162febebba594684cbef6191c61057d7) Importer(815301076,1909f56bfc062723c751e8b465ee728b)  -> (artifact id: 'a7573b2cb4fb5157808c263c6f6a0281') in 0.981514 seconds
  Import took 0.987383 seconds .

========================================================================
Received Import Request.
  Time since last request: 39.709446 seconds.
  path: Assets/Prefabs/Zombie.prefab
  artifactKey: Guid(162febebba594684cbef6191c61057d7) Importer(815301076,1909f56bfc062723c751e8b465ee728b)
Start importing Assets/Prefabs/Zombie.prefab using Guid(162febebba594684cbef6191c61057d7) Importer(815301076,1909f56bfc062723c751e8b465ee728b)  -> (artifact id: 'a1b76f23a6edaccfc60466453bd6a4e1') in 0.112214 seconds
  Import took 0.118465 seconds .

========================================================================
Received Import Request.
  Time since last request: 24.963749 seconds.
  path: Assets/Prefabs/Zombie.prefab
  artifactKey: Guid(162febebba594684cbef6191c61057d7) Importer(815301076,1909f56bfc062723c751e8b465ee728b)
Start importing Assets/Prefabs/Zombie.prefab using Guid(162febebba594684cbef6191c61057d7) Importer(815301076,1909f56bfc062723c751e8b465ee728b)  -> (artifact id: '9e1409e2a7e56efd0350e871709e0d6a') in 0.091541 seconds
  Import took 0.094786 seconds .

========================================================================
Received Import Request.
  Time since last request: 49.529209 seconds.
  path: ProjectSettings/TagManager.asset
  artifactKey: Guid(00000000000000003000000000000000) Importer(815301076,1909f56bfc062723c751e8b465ee728b)
Start importing ProjectSettings/TagManager.asset using Guid(00000000000000003000000000000000) Importer(815301076,1909f56bfc062723c751e8b465ee728b)  -> (artifact id: '8a1bbc78fe3ae7ccec214d8123b6ae32') in 0.007324 seconds
  Import took 0.010208 seconds .

========================================================================
Received Import Request.
  Time since last request: 0.000748 seconds.
  path: ProjectSettings/TagManager.asset
  artifactKey: Guid(00000000000000003000000000000000) Importer(815301076,1909f56bfc062723c751e8b465ee728b)
Start importing ProjectSettings/TagManager.asset using Guid(00000000000000003000000000000000) Importer(815301076,1909f56bfc062723c751e8b465ee728b)  -> (artifact id: '8a1bbc78fe3ae7ccec214d8123b6ae32') in 0.003609 seconds
  Import took 0.006166 seconds .

========================================================================
Received Prepare
Registering precompiled user dll's ...
Registered in 0.000951 seconds.
Begin MonoManager ReloadAssembly
Native extension for WindowsStandalone target not found
Refreshing native plugins compatible for Editor in 0.23 ms, found 0 plugins.
Preloading 0 native plugins for Editor in 0.00 ms.
Invoked RoslynAnalysisRunner static constructor.
RoslynAnalysisRunner will not be running.
RoslynAnalysisRunner has terminated.
Mono: successfully reloaded assembly
- Completed reload, in  1.327 seconds
Platform modules already initialized, skipping
Refreshing native plugins compatible for Editor in 0.51 ms, found 0 plugins.
Preloading 0 native plugins for Editor in 0.00 ms.
Unloading 1077 Unused Serialized files (Serialized files now loaded: 0)
System memory in use before: 72.8 MB.
System memory in use after: 72.9 MB.

Unloading 6 unused Assets to reduce memory usage. Loaded Objects now: 1549.
Total: 2.294300 ms (FindLiveObjects: 0.231000 ms CreateObjectMapping: 0.052700 ms MarkObjects: 1.985600 ms  DeleteObjects: 0.023100 ms)

========================================================================
Received Prepare
Registering precompiled user dll's ...
Registered in 0.000818 seconds.
Begin MonoManager ReloadAssembly
Native extension for WindowsStandalone target not found
Refreshing native plugins compatible for Editor in 0.24 ms, found 0 plugins.
Preloading 0 native plugins for Editor in 0.00 ms.
Invoked RoslynAnalysisRunner static constructor.
RoslynAnalysisRunner will not be running.
RoslynAnalysisRunner has terminated.
Mono: successfully reloaded assembly
- Completed reload, in  0.978 seconds
Platform modules already initialized, skipping
Refreshing native plugins compatible for Editor in 0.20 ms, found 0 plugins.
Preloading 0 native plugins for Editor in 0.00 ms.
Unloading 1077 Unused Serialized files (Serialized files now loaded: 0)
System memory in use before: 72.9 MB.
System memory in use after: 73.0 MB.

Unloading 4 unused Assets to reduce memory usage. Loaded Objects now: 1551.
Total: 2.900100 ms (FindLiveObjects: 0.236200 ms CreateObjectMapping: 0.048100 ms MarkObjects: 2.585900 ms  DeleteObjects: 0.027800 ms)

========================================================================
Received Prepare
Registering precompiled user dll's ...
Registered in 0.000880 seconds.
Begin MonoManager ReloadAssembly
Native extension for WindowsStandalone target not found
Refreshing native plugins compatible for Editor in 0.23 ms, found 0 plugins.
Preloading 0 native plugins for Editor in 0.00 ms.
Invoked RoslynAnalysisRunner static constructor.
RoslynAnalysisRunner will not be running.
RoslynAnalysisRunner has terminated.
Mono: successfully reloaded assembly
- Completed reload, in  1.173 seconds
Platform modules already initialized, skipping
Refreshing native plugins compatible for Editor in 0.22 ms, found 0 plugins.
Preloading 0 native plugins for Editor in 0.00 ms.
Unloading 1077 Unused Serialized files (Serialized files now loaded: 0)
System memory in use before: 72.9 MB.
System memory in use after: 73.0 MB.

Unloading 4 unused Assets to reduce memory usage. Loaded Objects now: 1553.
Total: 4.014900 ms (FindLiveObjects: 0.332800 ms CreateObjectMapping: 0.106100 ms MarkObjects: 3.550400 ms  DeleteObjects: 0.022000 ms)

========================================================================
Received Import Request.
  Time since last request: 300.746966 seconds.
  path: Assets/Prefabs/Zombie.prefab
  artifactKey: Guid(162febebba594684cbef6191c61057d7) Importer(815301076,1909f56bfc062723c751e8b465ee728b)
Start importing Assets/Prefabs/Zombie.prefab using Guid(162febebba594684cbef6191c61057d7) Importer(815301076,1909f56bfc062723c751e8b465ee728b)  -> (artifact id: 'd8316768f210c5a07f620af9fc9c1a63') in 0.181916 seconds
  Import took 0.188535 seconds .

========================================================================
Received Prepare
Registering precompiled user dll's ...
Registered in 0.000851 seconds.
Begin MonoManager ReloadAssembly
Native extension for WindowsStandalone target not found
Refreshing native plugins compatible for Editor in 0.22 ms, found 0 plugins.
Preloading 0 native plugins for Editor in 0.00 ms.
Invoked RoslynAnalysisRunner static constructor.
RoslynAnalysisRunner will not be running.
RoslynAnalysisRunner has terminated.
Mono: successfully reloaded assembly
- Completed reload, in  1.049 seconds
Platform modules already initialized, skipping
Refreshing native plugins compatible for Editor in 0.35 ms, found 0 plugins.
Preloading 0 native plugins for Editor in 0.00 ms.
Unloading 1077 Unused Serialized files (Serialized files now loaded: 0)
System memory in use before: 72.9 MB.
System memory in use after: 73.0 MB.

Unloading 4 unused Assets to reduce memory usage. Loaded Objects now: 1556.
Total: 1.874200 ms (FindLiveObjects: 0.200500 ms CreateObjectMapping: 0.058400 ms MarkObjects: 1.595800 ms  DeleteObjects: 0.018000 ms)

========================================================================
Received Import Request.
  Time since last request: 95.381465 seconds.
  path: Assets/Prefabs/Zombie.prefab
  artifactKey: Guid(162febebba594684cbef6191c61057d7) Importer(815301076,1909f56bfc062723c751e8b465ee728b)
Start importing Assets/Prefabs/Zombie.prefab using Guid(162febebba594684cbef6191c61057d7) Importer(815301076,1909f56bfc062723c751e8b465ee728b)  -> (artifact id: '50cc6270b77b727dc8a591b734403590') in 0.136939 seconds
  Import took 0.140998 seconds .

========================================================================
Received Prepare
Registering precompiled user dll's ...
Registered in 0.000905 seconds.
Begin MonoManager ReloadAssembly
Native extension for WindowsStandalone target not found
Refreshing native plugins compatible for Editor in 0.27 ms, found 0 plugins.
Preloading 0 native plugins for Editor in 0.00 ms.
Invoked RoslynAnalysisRunner static constructor.
RoslynAnalysisRunner will not be running.
RoslynAnalysisRunner has terminated.
Mono: successfully reloaded assembly
- Completed reload, in  1.060 seconds
Platform modules already initialized, skipping
Refreshing native plugins compatible for Editor in 0.29 ms, found 0 plugins.
Preloading 0 native plugins for Editor in 0.00 ms.
Unloading 1077 Unused Serialized files (Serialized files now loaded: 0)
System memory in use before: 72.9 MB.
System memory in use after: 73.0 MB.

Unloading 4 unused Assets to reduce memory usage. Loaded Objects now: 1559.
Total: 3.614500 ms (FindLiveObjects: 0.397200 ms CreateObjectMapping: 0.121700 ms MarkObjects: 3.068700 ms  DeleteObjects: 0.024400 ms)

========================================================================
Received Import Request.
  Time since last request: 135.109647 seconds.
  path: Assets/Scripts/ZombieController.cs
  artifactKey: Guid(b521ff4ca2f266f4da5e470c116d1ef4) Importer(815301076,1909f56bfc062723c751e8b465ee728b)
Start importing Assets/Scripts/ZombieController.cs using Guid(b521ff4ca2f266f4da5e470c116d1ef4) Importer(815301076,1909f56bfc062723c751e8b465ee728b)  -> (artifact id: 'a4639310db27833449ea782a9c6aa1a9') in 0.003644 seconds
  Import took 0.006817 seconds .

========================================================================
Received Import Request.
  Time since last request: 0.003327 seconds.
  path: Assets/Scripts/ZombieController.cs
  artifactKey: Guid(b521ff4ca2f266f4da5e470c116d1ef4) Importer(815301076,1909f56bfc062723c751e8b465ee728b)
Start importing Assets/Scripts/ZombieController.cs using Guid(b521ff4ca2f266f4da5e470c116d1ef4) Importer(815301076,1909f56bfc062723c751e8b465ee728b)  -> (artifact id: 'a4639310db27833449ea782a9c6aa1a9') in 0.001319 seconds
  Import took 0.004127 seconds .

========================================================================
Received Prepare
Registering precompiled user dll's ...
Registered in 0.001223 seconds.
Begin MonoManager ReloadAssembly
Native extension for WindowsStandalone target not found
Refreshing native plugins compatible for Editor in 0.22 ms, found 0 plugins.
Preloading 0 native plugins for Editor in 0.00 ms.
Invoked RoslynAnalysisRunner static constructor.
RoslynAnalysisRunner will not be running.
RoslynAnalysisRunner has terminated.
Mono: successfully reloaded assembly
- Completed reload, in  1.132 seconds
Platform modules already initialized, skipping
Refreshing native plugins compatible for Editor in 0.21 ms, found 0 plugins.
Preloading 0 native plugins for Editor in 0.00 ms.
Unloading 1077 Unused Serialized files (Serialized files now loaded: 0)
System memory in use before: 72.9 MB.
System memory in use after: 73.0 MB.

Unloading 4 unused Assets to reduce memory usage. Loaded Objects now: 1561.
Total: 2.789300 ms (FindLiveObjects: 0.174300 ms CreateObjectMapping: 0.044600 ms MarkObjects: 2.524400 ms  DeleteObjects: 0.044300 ms)

========================================================================
Received Prepare
Registering precompiled user dll's ...
Registered in 0.000826 seconds.
Begin MonoManager ReloadAssembly
Native extension for WindowsStandalone target not found
Refreshing native plugins compatible for Editor in 0.19 ms, found 0 plugins.
Preloading 0 native plugins for Editor in 0.00 ms.
Invoked RoslynAnalysisRunner static constructor.
RoslynAnalysisRunner will not be running.
RoslynAnalysisRunner has terminated.
Mono: successfully reloaded assembly
- Completed reload, in  1.032 seconds
Platform modules already initialized, skipping
Refreshing native plugins compatible for Editor in 0.39 ms, found 0 plugins.
Preloading 0 native plugins for Editor in 0.00 ms.
Unloading 1077 Unused Serialized files (Serialized files now loaded: 0)
System memory in use before: 72.9 MB.
System memory in use after: 73.0 MB.

Unloading 4 unused Assets to reduce memory usage. Loaded Objects now: 1563.
Total: 3.010700 ms (FindLiveObjects: 0.155700 ms CreateObjectMapping: 0.054900 ms MarkObjects: 2.772900 ms  DeleteObjects: 0.025100 ms)

========================================================================
Received Prepare
Registering precompiled user dll's ...
Registered in 0.001268 seconds.
Begin MonoManager ReloadAssembly
Native extension for WindowsStandalone target not found
Refreshing native plugins compatible for Editor in 0.31 ms, found 0 plugins.
Preloading 0 native plugins for Editor in 0.00 ms.
Invoked RoslynAnalysisRunner static constructor.
RoslynAnalysisRunner will not be running.
RoslynAnalysisRunner has terminated.
Mono: successfully reloaded assembly
- Completed reload, in  1.556 seconds
Platform modules already initialized, skipping
Refreshing native plugins compatible for Editor in 0.24 ms, found 0 plugins.
Preloading 0 native plugins for Editor in 0.00 ms.
Unloading 1077 Unused Serialized files (Serialized files now loaded: 0)
System memory in use before: 72.9 MB.
System memory in use after: 73.0 MB.

Unloading 4 unused Assets to reduce memory usage. Loaded Objects now: 1565.
Total: 2.491800 ms (FindLiveObjects: 0.239100 ms CreateObjectMapping: 0.078400 ms MarkObjects: 2.128200 ms  DeleteObjects: 0.041700 ms)

========================================================================
Received Prepare
Registering precompiled user dll's ...
Registered in 0.001540 seconds.
Begin MonoManager ReloadAssembly
Native extension for WindowsStandalone target not found
Refreshing native plugins compatible for Editor in 0.22 ms, found 0 plugins.
Preloading 0 native plugins for Editor in 0.00 ms.
Invoked RoslynAnalysisRunner static constructor.
RoslynAnalysisRunner will not be running.
RoslynAnalysisRunner has terminated.
Mono: successfully reloaded assembly
- Completed reload, in  0.952 seconds
Platform modules already initialized, skipping
Refreshing native plugins compatible for Editor in 0.21 ms, found 0 plugins.
Preloading 0 native plugins for Editor in 0.00 ms.
Unloading 1077 Unused Serialized files (Serialized files now loaded: 0)
System memory in use before: 72.9 MB.
System memory in use after: 73.0 MB.

Unloading 4 unused Assets to reduce memory usage. Loaded Objects now: 1567.
Total: 2.610100 ms (FindLiveObjects: 0.427500 ms CreateObjectMapping: 0.339400 ms MarkObjects: 1.822700 ms  DeleteObjects: 0.017600 ms)

========================================================================
Received Prepare
Registering precompiled user dll's ...
Registered in 0.001064 seconds.
Begin MonoManager ReloadAssembly
Native extension for WindowsStandalone target not found
Refreshing native plugins compatible for Editor in 0.22 ms, found 0 plugins.
Preloading 0 native plugins for Editor in 0.00 ms.
Invoked RoslynAnalysisRunner static constructor.
RoslynAnalysisRunner will not be running.
RoslynAnalysisRunner has terminated.
Mono: successfully reloaded assembly
- Completed reload, in  1.239 seconds
Platform modules already initialized, skipping
Refreshing native plugins compatible for Editor in 0.22 ms, found 0 plugins.
Preloading 0 native plugins for Editor in 0.00 ms.
Unloading 1077 Unused Serialized files (Serialized files now loaded: 0)
System memory in use before: 72.9 MB.
System memory in use after: 73.0 MB.

Unloading 4 unused Assets to reduce memory usage. Loaded Objects now: 1569.
Total: 3.434300 ms (FindLiveObjects: 0.156700 ms CreateObjectMapping: 0.038200 ms MarkObjects: 3.207300 ms  DeleteObjects: 0.030000 ms)

========================================================================
Received Prepare
Registering precompiled user dll's ...
Registered in 0.000788 seconds.
Begin MonoManager ReloadAssembly
Native extension for WindowsStandalone target not found
Refreshing native plugins compatible for Editor in 0.25 ms, found 0 plugins.
Preloading 0 native plugins for Editor in 0.00 ms.
Invoked RoslynAnalysisRunner static constructor.
RoslynAnalysisRunner will not be running.
RoslynAnalysisRunner has terminated.
Mono: successfully reloaded assembly
- Completed reload, in  1.054 seconds
Platform modules already initialized, skipping
Refreshing native plugins compatible for Editor in 0.24 ms, found 0 plugins.
Preloading 0 native plugins for Editor in 0.00 ms.
Unloading 1077 Unused Serialized files (Serialized files now loaded: 0)
System memory in use before: 72.9 MB.
System memory in use after: 73.0 MB.

Unloading 4 unused Assets to reduce memory usage. Loaded Objects now: 1571.
Total: 2.034600 ms (FindLiveObjects: 0.144500 ms CreateObjectMapping: 0.039300 ms MarkObjects: 1.834200 ms  DeleteObjects: 0.015500 ms)

========================================================================
Received Prepare
Registering precompiled user dll's ...
Registered in 0.000756 seconds.
Begin MonoManager ReloadAssembly
Native extension for WindowsStandalone target not found
Refreshing native plugins compatible for Editor in 0.26 ms, found 0 plugins.
Preloading 0 native plugins for Editor in 0.00 ms.
Invoked RoslynAnalysisRunner static constructor.
RoslynAnalysisRunner will not be running.
RoslynAnalysisRunner has terminated.
Mono: successfully reloaded assembly
- Completed reload, in  1.228 seconds
Platform modules already initialized, skipping
Refreshing native plugins compatible for Editor in 0.40 ms, found 0 plugins.
Preloading 0 native plugins for Editor in 0.00 ms.
Unloading 1077 Unused Serialized files (Serialized files now loaded: 0)
System memory in use before: 72.9 MB.
System memory in use after: 73.0 MB.

Unloading 4 unused Assets to reduce memory usage. Loaded Objects now: 1573.
Total: 3.876700 ms (FindLiveObjects: 0.302700 ms CreateObjectMapping: 0.139000 ms MarkObjects: 3.410300 ms  DeleteObjects: 0.022200 ms)

========================================================================
Received Prepare
Registering precompiled user dll's ...
Registered in 0.000768 seconds.
Begin MonoManager ReloadAssembly
Native extension for WindowsStandalone target not found
Refreshing native plugins compatible for Editor in 0.27 ms, found 0 plugins.
Preloading 0 native plugins for Editor in 0.00 ms.
Invoked RoslynAnalysisRunner static constructor.
RoslynAnalysisRunner will not be running.
RoslynAnalysisRunner has terminated.
Mono: successfully reloaded assembly
- Completed reload, in  1.330 seconds
Platform modules already initialized, skipping
Refreshing native plugins compatible for Editor in 0.22 ms, found 0 plugins.
Preloading 0 native plugins for Editor in 0.00 ms.
Unloading 1077 Unused Serialized files (Serialized files now loaded: 0)
System memory in use before: 72.9 MB.
System memory in use after: 73.0 MB.

Unloading 4 unused Assets to reduce memory usage. Loaded Objects now: 1575.
Total: 3.749100 ms (FindLiveObjects: 0.221600 ms CreateObjectMapping: 0.103500 ms MarkObjects: 3.391700 ms  DeleteObjects: 0.030100 ms)

========================================================================
Received Prepare
Registering precompiled user dll's ...
Registered in 0.000807 seconds.
Begin MonoManager ReloadAssembly
Native extension for WindowsStandalone target not found
Refreshing native plugins compatible for Editor in 0.24 ms, found 0 plugins.
Preloading 0 native plugins for Editor in 0.00 ms.
Invoked RoslynAnalysisRunner static constructor.
RoslynAnalysisRunner will not be running.
RoslynAnalysisRunner has terminated.
Mono: successfully reloaded assembly
- Completed reload, in  1.272 seconds
Platform modules already initialized, skipping
Refreshing native plugins compatible for Editor in 0.22 ms, found 0 plugins.
Preloading 0 native plugins for Editor in 0.00 ms.
Unloading 1077 Unused Serialized files (Serialized files now loaded: 0)
System memory in use before: 73.0 MB.
System memory in use after: 73.1 MB.

Unloading 4 unused Assets to reduce memory usage. Loaded Objects now: 1577.
Total: 3.032700 ms (FindLiveObjects: 0.333000 ms CreateObjectMapping: 0.101600 ms MarkObjects: 2.573800 ms  DeleteObjects: 0.022300 ms)

========================================================================
Received Prepare
Registering precompiled user dll's ...
Registered in 0.001053 seconds.
Begin MonoManager ReloadAssembly
Native extension for WindowsStandalone target not found
Refreshing native plugins compatible for Editor in 0.35 ms, found 0 plugins.
Preloading 0 native plugins for Editor in 0.00 ms.
Invoked RoslynAnalysisRunner static constructor.
RoslynAnalysisRunner will not be running.
RoslynAnalysisRunner has terminated.
Mono: successfully reloaded assembly
- Completed reload, in  1.178 seconds
Platform modules already initialized, skipping
Refreshing native plugins compatible for Editor in 0.19 ms, found 0 plugins.
Preloading 0 native plugins for Editor in 0.00 ms.
Unloading 1077 Unused Serialized files (Serialized files now loaded: 0)
System memory in use before: 73.0 MB.
System memory in use after: 73.1 MB.

Unloading 4 unused Assets to reduce memory usage. Loaded Objects now: 1579.
Total: 1.595000 ms (FindLiveObjects: 0.139500 ms CreateObjectMapping: 0.035100 ms MarkObjects: 1.403400 ms  DeleteObjects: 0.015900 ms)

========================================================================
Received Prepare
Registering precompiled user dll's ...
Registered in 0.001214 seconds.
Begin MonoManager ReloadAssembly
Native extension for WindowsStandalone target not found
Refreshing native plugins compatible for Editor in 0.20 ms, found 0 plugins.
Preloading 0 native plugins for Editor in 0.00 ms.
Invoked RoslynAnalysisRunner static constructor.
RoslynAnalysisRunner will not be running.
RoslynAnalysisRunner has terminated.
Mono: successfully reloaded assembly
- Completed reload, in  1.167 seconds
Platform modules already initialized, skipping
Refreshing native plugins compatible for Editor in 0.35 ms, found 0 plugins.
Preloading 0 native plugins for Editor in 0.00 ms.
Unloading 1077 Unused Serialized files (Serialized files now loaded: 0)
System memory in use before: 73.0 MB.
System memory in use after: 73.1 MB.

Unloading 4 unused Assets to reduce memory usage. Loaded Objects now: 1581.
Total: 1.906000 ms (FindLiveObjects: 0.138600 ms CreateObjectMapping: 0.041800 ms MarkObjects: 1.708600 ms  DeleteObjects: 0.015900 ms)

========================================================================
Received Import Request.
  Time since last request: 1435.881457 seconds.
  path: Assets/Prefabs/Zombie.prefab
  artifactKey: Guid(162febebba594684cbef6191c61057d7) Importer(815301076,1909f56bfc062723c751e8b465ee728b)
Start importing Assets/Prefabs/Zombie.prefab using Guid(162febebba594684cbef6191c61057d7) Importer(815301076,1909f56bfc062723c751e8b465ee728b)  -> (artifact id: '1dc4adc129a3f53940a1ea1c8c3f3711') in 0.242282 seconds
  Import took 0.247992 seconds .

========================================================================
Received Import Request.
  Time since last request: 0.771687 seconds.
  path: Assets/Prefabs/Zombie.prefab
  artifactKey: Guid(162febebba594684cbef6191c61057d7) Importer(815301076,1909f56bfc062723c751e8b465ee728b)
Start importing Assets/Prefabs/Zombie.prefab using Guid(162febebba594684cbef6191c61057d7) Importer(815301076,1909f56bfc062723c751e8b465ee728b)  -> (artifact id: '5a4a5685bab69fb12a69d470cbde5018') in 0.070810 seconds
  Import took 0.075322 seconds .

========================================================================
Received Prepare
Registering precompiled user dll's ...
Registered in 0.000969 seconds.
Begin MonoManager ReloadAssembly
Native extension for WindowsStandalone target not found
Refreshing native plugins compatible for Editor in 0.32 ms, found 0 plugins.
Preloading 0 native plugins for Editor in 0.00 ms.
Invoked RoslynAnalysisRunner static constructor.
RoslynAnalysisRunner will not be running.
RoslynAnalysisRunner has terminated.
Mono: successfully reloaded assembly
- Completed reload, in  1.109 seconds
Platform modules already initialized, skipping
Refreshing native plugins compatible for Editor in 0.21 ms, found 0 plugins.
Preloading 0 native plugins for Editor in 0.00 ms.
Unloading 1077 Unused Serialized files (Serialized files now loaded: 0)
System memory in use before: 73.0 MB.
System memory in use after: 73.1 MB.

Unloading 4 unused Assets to reduce memory usage. Loaded Objects now: 1584.
Total: 2.507400 ms (FindLiveObjects: 0.360300 ms CreateObjectMapping: 0.092200 ms MarkObjects: 1.992700 ms  DeleteObjects: 0.059600 ms)

AssetImportWorkerClient::OnTransportError - code=2 error=End of file
